root - 2020-05-22 09:15:29,315 - INFO - Starting the script hexplots.py
root - 2020-05-22 09:15:29,316 - INFO - Starting with Monterrey
root - 2020-05-22 09:15:29,409 - INFO - area loded
root - 2020-05-22 09:15:38,485 - INFO - hex created
root - 2020-05-22 09:15:44,502 - INFO - nodes loaded
root - 2020-05-22 09:16:05,813 - INFO - nodes grouped by
root - 2020-05-22 09:16:45,492 - INFO - Graph loaded
root - 2020-05-22 09:17:11,333 - INFO - Starting the plotting
root - 2020-05-22 09:17:25,789 - INFO - Plotting done, script finished for Monterrey
root - 2020-05-22 09:17:25,789 - INFO - Starting with Guadalajara
root - 2020-05-22 09:17:25,831 - INFO - area loded
root - 2020-05-22 09:17:28,894 - INFO - hex created
root - 2020-05-22 09:17:35,355 - INFO - nodes loaded
root - 2020-05-22 09:17:51,036 - INFO - nodes grouped by
root - 2020-05-22 09:18:26,716 - INFO - Graph loaded
root - 2020-05-22 09:18:59,383 - INFO - Starting the plotting
root - 2020-05-22 09:19:09,403 - INFO - Plotting done, script finished for Guadalajara
root - 2020-05-22 09:19:09,403 - INFO - Starting with Mexico
root - 2020-05-22 09:19:09,435 - INFO - area loded
root - 2020-05-22 09:19:11,154 - INFO - hex created
root - 2020-05-22 09:19:22,658 - INFO - nodes loaded
root - 2020-05-22 09:19:40,172 - INFO - nodes grouped by
root - 2020-05-22 09:20:21,266 - INFO - Graph loaded
root - 2020-05-22 09:20:50,630 - INFO - Starting the plotting
root - 2020-05-22 09:20:56,430 - INFO - Plotting done, script finished for Mexico
root - 2020-05-22 09:20:56,431 - INFO - Starting with Puebla
root - 2020-05-22 09:20:56,576 - INFO - area loded
root - 2020-05-22 09:20:59,724 - INFO - hex created
root - 2020-05-22 09:21:04,120 - INFO - nodes loaded
root - 2020-05-22 09:21:13,361 - INFO - nodes grouped by
root - 2020-05-22 09:21:36,533 - INFO - Graph loaded
root - 2020-05-22 09:21:53,911 - INFO - Starting the plotting
root - 2020-05-22 09:21:58,481 - INFO - Plotting done, script finished for Puebla
root - 2020-05-22 09:21:58,481 - INFO - Starting with Toluca
root - 2020-05-22 09:21:58,520 - INFO - area loded
root - 2020-05-22 09:22:00,695 - INFO - hex created
root - 2020-05-22 09:22:04,403 - INFO - nodes loaded
root - 2020-05-22 09:22:13,923 - INFO - nodes grouped by
root - 2020-05-22 09:22:32,278 - INFO - Graph loaded
root - 2020-05-22 09:22:43,580 - INFO - Starting the plotting
root - 2020-05-22 09:22:48,852 - INFO - Plotting done, script finished for Toluca
root - 2020-05-22 09:51:35,259 - INFO - Starting the script hexplots.py
root - 2020-05-22 09:51:35,260 - INFO - Starting with Monterrey
root - 2020-05-22 09:51:35,320 - INFO - area loded
root - 2020-05-22 09:51:43,817 - INFO - hex created
root - 2020-05-22 09:51:49,269 - INFO - nodes loaded
root - 2020-05-22 09:52:17,492 - INFO - nodes grouped by
root - 2020-05-22 09:52:52,743 - INFO - Graph loaded
root - 2020-05-22 09:53:16,941 - INFO - Starting the plotting
root - 2020-05-22 09:55:41,932 - INFO - Starting the script hexplots.py
root - 2020-05-22 09:55:41,932 - INFO - Starting with Monterrey
root - 2020-05-22 09:55:41,989 - INFO - area loded
root - 2020-05-22 09:55:49,051 - INFO - hex created
root - 2020-05-22 09:55:53,631 - INFO - nodes loaded
root - 2020-05-22 09:56:11,500 - INFO - nodes grouped by
root - 2020-05-22 09:56:51,377 - INFO - Graph loaded
root - 2020-05-22 09:57:16,059 - INFO - Starting the plotting
root - 2020-05-22 10:18:28,452 - INFO - Plotting done, script finished for Monterrey
root - 2020-05-22 10:18:28,453 - INFO - Starting with Guadalajara
root - 2020-05-22 10:18:28,535 - INFO - area loded
root - 2020-05-22 10:18:34,532 - INFO - hex created
root - 2020-05-22 10:18:45,058 - INFO - nodes loaded
root - 2020-05-22 10:19:18,113 - INFO - nodes grouped by
root - 2020-05-22 10:19:59,917 - INFO - Graph loaded
root - 2020-05-22 10:20:28,126 - INFO - Starting the plotting
root - 2020-05-22 10:25:46,039 - INFO - Starting the script hexplots.py
root - 2020-05-22 10:25:46,046 - INFO - Starting with Monterrey
root - 2020-05-22 10:25:46,255 - INFO - area loded
root - 2020-05-22 10:25:55,642 - INFO - hex created
root - 2020-05-22 10:26:01,964 - INFO - nodes loaded
root - 2020-05-22 10:26:26,656 - INFO - nodes grouped by
root - 2020-05-22 10:27:07,626 - INFO - Graph loaded
root - 2020-05-22 10:27:40,748 - INFO - Starting the plotting
root - 2020-05-22 10:31:44,106 - INFO - Starting the script hexplots.py
root - 2020-05-22 10:31:44,106 - INFO - Starting with Monterrey
root - 2020-05-22 10:31:44,187 - INFO - area loded
root - 2020-05-22 10:31:54,613 - INFO - hex created
root - 2020-05-22 10:32:05,333 - INFO - nodes loaded
root - 2020-05-22 10:32:42,538 - INFO - nodes grouped by
root - 2020-05-22 10:33:35,613 - INFO - Graph loaded
root - 2020-05-22 10:34:14,835 - INFO - Starting the plotting
root - 2020-05-22 10:35:49,437 - INFO - Starting the script hexplots.py
root - 2020-05-22 10:35:49,438 - INFO - Starting with Monterrey
root - 2020-05-22 10:35:49,511 - INFO - area loded
root - 2020-05-22 10:35:59,578 - INFO - hex created
root - 2020-05-22 10:36:06,957 - INFO - nodes loaded
root - 2020-05-22 10:36:42,308 - INFO - nodes grouped by
root - 2020-05-22 10:37:44,740 - INFO - Graph loaded
root - 2020-05-22 10:38:26,806 - INFO - Starting the plotting
root - 2020-05-22 10:39:52,512 - INFO - Starting the script hexplots.py
root - 2020-05-22 10:39:52,513 - INFO - Starting with Monterrey
root - 2020-05-22 10:39:52,601 - INFO - area loded
root - 2020-05-22 10:40:01,707 - INFO - hex created
root - 2020-05-22 10:40:09,426 - INFO - nodes loaded
root - 2020-05-22 10:40:32,688 - INFO - nodes grouped by
root - 2020-05-22 10:41:40,092 - INFO - Graph loaded
root - 2020-05-22 10:42:31,044 - INFO - Starting the plotting
root - 2020-05-22 10:43:28,389 - INFO - Starting the script hexplots.py
root - 2020-05-22 10:43:28,390 - INFO - Starting with Monterrey
root - 2020-05-22 10:43:28,482 - INFO - area loded
root - 2020-05-22 10:43:36,933 - INFO - hex created
root - 2020-05-22 10:43:41,977 - INFO - nodes loaded
root - 2020-05-22 10:44:05,315 - INFO - nodes grouped by
root - 2020-05-22 10:44:48,218 - INFO - Graph loaded
root - 2020-05-22 10:45:13,297 - INFO - Starting the plotting
root - 2020-05-22 10:52:13,659 - INFO - Starting the script hexplots.py
root - 2020-05-22 10:52:13,660 - INFO - Starting with Monterrey
root - 2020-05-22 10:52:13,762 - INFO - area loded
root - 2020-05-22 10:52:21,990 - INFO - hex created
root - 2020-05-22 10:52:29,009 - INFO - nodes loaded
root - 2020-05-22 10:52:49,414 - INFO - nodes grouped by
root - 2020-05-22 10:53:24,484 - INFO - Graph loaded
root - 2020-05-22 10:53:48,703 - INFO - Starting the plotting
root - 2020-05-22 10:54:27,687 - INFO - Starting the script hexplots.py
root - 2020-05-22 10:54:27,688 - INFO - Starting with Monterrey
root - 2020-05-22 10:54:27,764 - INFO - area loded
root - 2020-05-22 10:54:36,670 - INFO - hex created
root - 2020-05-22 10:54:43,088 - INFO - nodes loaded
root - 2020-05-22 10:55:03,606 - INFO - nodes grouped by
root - 2020-05-22 10:55:34,694 - INFO - Graph loaded
root - 2020-05-22 10:56:00,403 - INFO - Starting the plotting
root - 2020-05-22 10:57:35,208 - INFO - Starting the script hexplots.py
root - 2020-05-22 10:57:35,209 - INFO - Starting with Monterrey
root - 2020-05-22 10:57:35,282 - INFO - area loded
root - 2020-05-22 10:57:44,214 - INFO - hex created
root - 2020-05-22 10:57:50,181 - INFO - nodes loaded
root - 2020-05-22 10:58:11,951 - INFO - nodes grouped by
root - 2020-05-22 10:58:43,100 - INFO - Graph loaded
root - 2020-05-22 10:59:08,145 - INFO - Starting the plotting
root - 2020-05-22 11:00:00,243 - INFO - Starting the script hexplots.py
root - 2020-05-22 11:00:00,244 - INFO - Starting with Monterrey
root - 2020-05-22 11:00:00,328 - INFO - area loded
root - 2020-05-22 11:00:10,463 - INFO - hex created
root - 2020-05-22 11:00:20,845 - INFO - nodes loaded
root - 2020-05-22 11:00:39,624 - INFO - nodes grouped by
root - 2020-05-22 11:01:25,721 - INFO - Graph loaded
root - 2020-05-22 11:01:54,103 - INFO - Starting the plotting
root - 2020-05-22 11:02:08,208 - INFO - Plotting done, script finished for Monterrey
root - 2020-05-22 11:02:08,209 - INFO - Starting with Guadalajara
root - 2020-05-22 11:02:08,256 - INFO - area loded
root - 2020-05-22 11:02:11,286 - INFO - hex created
root - 2020-05-22 11:02:18,317 - INFO - nodes loaded
root - 2020-05-22 11:02:33,895 - INFO - nodes grouped by
root - 2020-05-22 11:03:16,978 - INFO - Graph loaded
root - 2020-05-22 11:03:42,133 - INFO - Starting the plotting
root - 2020-05-22 11:03:49,352 - INFO - Plotting done, script finished for Guadalajara
root - 2020-05-22 11:03:49,352 - INFO - Starting with Mexico
root - 2020-05-22 11:03:49,386 - INFO - area loded
root - 2020-05-22 11:03:50,560 - INFO - hex created
root - 2020-05-22 11:03:57,478 - INFO - nodes loaded
root - 2020-05-22 11:04:15,721 - INFO - nodes grouped by
root - 2020-05-22 11:09:00,456 - INFO - Starting the script hexplots.py
root - 2020-05-22 11:09:00,458 - INFO - Starting with Monterrey
root - 2020-05-22 11:09:00,521 - INFO - area loded
root - 2020-05-22 11:09:09,819 - INFO - hex created
root - 2020-05-22 11:09:16,061 - INFO - nodes loaded
root - 2020-05-22 11:09:37,018 - INFO - nodes grouped by
root - 2020-05-22 11:10:10,501 - INFO - Graph loaded
root - 2020-05-22 11:10:36,200 - INFO - Starting the plotting
root - 2020-05-22 11:11:43,598 - INFO - Starting the script hexplots.py
root - 2020-05-22 11:11:43,601 - INFO - Starting with Monterrey
root - 2020-05-22 11:11:43,699 - INFO - area loded
root - 2020-05-22 11:11:52,954 - INFO - hex created
root - 2020-05-22 11:11:59,484 - INFO - nodes loaded
root - 2020-05-22 11:12:24,789 - INFO - nodes grouped by
root - 2020-05-22 11:12:56,788 - INFO - Graph loaded
root - 2020-05-22 11:13:26,165 - INFO - Starting the plotting
root - 2020-05-22 11:13:46,666 - INFO - Plotting done, script finished for Monterrey
root - 2020-05-22 11:13:46,666 - INFO - Starting with Guadalajara
root - 2020-05-22 11:13:46,709 - INFO - area loded
root - 2020-05-22 11:13:52,312 - INFO - hex created
root - 2020-05-22 11:13:59,895 - INFO - nodes loaded
root - 2020-05-22 11:14:23,476 - INFO - nodes grouped by
root - 2020-05-22 11:15:10,522 - INFO - Graph loaded
root - 2020-05-22 11:15:40,759 - INFO - Starting the plotting
root - 2020-05-22 11:15:49,847 - INFO - Plotting done, script finished for Guadalajara
root - 2020-05-22 11:15:49,847 - INFO - Starting with Mexico
root - 2020-05-22 11:15:49,921 - INFO - area loded
root - 2020-05-22 11:15:52,612 - INFO - hex created
root - 2020-05-22 11:16:06,086 - INFO - nodes loaded
root - 2020-05-22 11:16:21,531 - INFO - nodes grouped by
root - 2020-05-22 11:17:13,772 - INFO - Graph loaded
root - 2020-05-22 11:17:40,127 - INFO - Starting the plotting
root - 2020-05-22 11:17:45,345 - INFO - Plotting done, script finished for Mexico
root - 2020-05-22 11:17:45,345 - INFO - Starting with Puebla
root - 2020-05-22 11:17:45,421 - INFO - area loded
root - 2020-05-22 11:17:48,043 - INFO - hex created
root - 2020-05-22 11:17:52,302 - INFO - nodes loaded
root - 2020-05-22 11:18:03,325 - INFO - nodes grouped by
root - 2020-05-22 11:18:27,547 - INFO - Graph loaded
root - 2020-05-22 11:18:40,674 - INFO - Starting the plotting
root - 2020-05-22 11:18:45,619 - INFO - Plotting done, script finished for Puebla
root - 2020-05-22 11:18:45,619 - INFO - Starting with Toluca
root - 2020-05-22 11:18:45,664 - INFO - area loded
root - 2020-05-22 11:18:48,002 - INFO - hex created
root - 2020-05-22 11:18:53,687 - INFO - nodes loaded
root - 2020-05-22 11:19:10,057 - INFO - nodes grouped by
root - 2020-05-22 11:19:36,412 - INFO - Graph loaded
root - 2020-05-22 11:19:50,878 - INFO - Starting the plotting
root - 2020-05-22 11:20:00,177 - INFO - Plotting done, script finished for Toluca
root - 2020-05-22 11:29:14,815 - INFO - Starting the script hexplots.py
root - 2020-05-22 11:29:14,817 - INFO - Starting with Monterrey
root - 2020-05-22 11:29:14,878 - INFO - area loded
root - 2020-05-22 11:29:26,279 - INFO - hex created
root - 2020-05-22 11:29:31,423 - INFO - nodes loaded
root - 2020-05-22 11:33:08,144 - INFO - Starting the script hexplots.py
root - 2020-05-22 11:33:08,145 - INFO - Starting with Monterrey
root - 2020-05-22 11:33:08,205 - INFO - area loded
root - 2020-05-22 11:33:16,017 - INFO - hex created
root - 2020-05-22 11:33:20,540 - INFO - nodes loaded
root - 2020-05-22 11:42:54,168 - INFO - Starting the script hexplots.py
root - 2020-05-22 11:42:54,171 - INFO - Starting with Monterrey
root - 2020-05-22 11:42:54,289 - INFO - area loded
root - 2020-05-22 11:43:14,025 - INFO - hex created
root - 2020-05-22 11:43:23,957 - INFO - nodes loaded
root - 2020-05-22 11:43:49,062 - INFO - nodes grouped by
fiona._env - 2020-05-22 11:43:49,063 - ERROR - ../data/processed/Monterrey_hex_bins.geojson: No such file or directory
root - 2020-05-22 11:43:49,064 - INFO - No previous hex bins file for Monterrey
root - 2020-05-22 11:44:01,166 - INFO - Hex bins from Monterrey saved
root - 2020-05-22 11:44:36,657 - INFO - Graph loaded
root - 2020-05-22 11:45:03,418 - INFO - Starting the plotting
root - 2020-05-22 11:45:22,574 - INFO - Plotting supermercados finished for Monterrey
root - 2020-05-22 11:50:44,666 - INFO - Starting the script distance.py
root - 2020-05-22 11:50:44,666 - INFO - Starting with Monterrey
root - 2020-05-22 11:51:17,757 - INFO - Monterrey supermercados data already in system
root - 2020-05-22 11:51:18,066 - INFO - Monterrey farmacias data already in system
root - 2020-05-22 11:55:44,135 - INFO - Starting the script distance.py
root - 2020-05-22 11:55:44,137 - INFO - Starting with Monterrey
root - 2020-05-22 11:56:58,725 - INFO - Monterrey supermercados data already in system
root - 2020-05-22 11:56:59,020 - INFO - Monterrey farmacias data already in system
fiona._env - 2020-05-22 12:03:08,222 - ERROR - ../data/processed/nodes_Monterrey.geojson: No such file or directory
fiona._env - 2020-05-22 12:03:08,223 - WARNING - driver GeoJSON does not support creation option ENCODING
root - 2020-05-22 12:03:31,443 - INFO - Monterrey done.
root - 2020-05-22 12:03:31,443 - INFO - Starting with Guadalajara
root - 2020-05-22 12:04:39,606 - INFO - Guadalajara supermercados data already in system
root - 2020-05-22 12:04:40,650 - INFO - Guadalajara farmacias data already in system
fiona._env - 2020-05-22 12:20:56,907 - ERROR - ../data/processed/nodes_Guadalajara.geojson: No such file or directory
fiona._env - 2020-05-22 12:20:56,913 - WARNING - driver GeoJSON does not support creation option ENCODING
root - 2020-05-22 12:21:26,064 - INFO - Guadalajara done.
root - 2020-05-22 12:21:26,064 - INFO - Starting with Mexico
root - 2020-05-22 12:22:23,985 - INFO - Mexico supermercados data already in system
root - 2020-05-22 12:22:25,561 - INFO - Mexico farmacias data already in system
fiona._env - 2020-05-22 13:20:45,696 - ERROR - ../data/processed/nodes_Mexico.geojson: No such file or directory
fiona._env - 2020-05-22 13:20:45,713 - WARNING - driver GeoJSON does not support creation option ENCODING
root - 2020-05-22 13:20:58,666 - INFO - Mexico done.
root - 2020-05-22 13:20:58,667 - INFO - Starting with Puebla
root - 2020-05-22 13:21:18,240 - INFO - Puebla supermercados data already in system
root - 2020-05-22 13:21:18,512 - INFO - Puebla farmacias data already in system
fiona._env - 2020-05-22 13:23:16,560 - ERROR - ../data/processed/nodes_Puebla.geojson: No such file or directory
fiona._env - 2020-05-22 13:23:16,560 - WARNING - driver GeoJSON does not support creation option ENCODING
root - 2020-05-22 13:23:22,571 - INFO - Puebla done.
root - 2020-05-22 13:23:22,571 - INFO - Starting with Toluca
root - 2020-05-22 13:23:40,157 - INFO - Toluca supermercados data already in system
root - 2020-05-22 13:23:40,357 - INFO - Toluca farmacias data already in system
fiona._env - 2020-05-22 13:26:41,425 - ERROR - ../data/processed/nodes_Toluca.geojson: No such file or directory
fiona._env - 2020-05-22 13:26:41,425 - WARNING - driver GeoJSON does not support creation option ENCODING
root - 2020-05-22 13:26:48,711 - INFO - Toluca done.
root - 2020-05-22 14:02:41,806 - INFO - Starting the script hexplots.py
root - 2020-05-22 14:02:41,807 - INFO - Starting with Monterrey
root - 2020-05-22 14:02:41,966 - INFO - area loded
root - 2020-05-22 14:03:43,513 - INFO - hex created
root - 2020-05-22 14:04:12,499 - INFO - nodes loaded
root - 2020-05-22 14:20:36,437 - INFO - Starting the script distance.py
root - 2020-05-22 14:20:36,454 - INFO - Starting with Monterrey
root - 2020-05-22 14:23:56,031 - INFO - Monterrey supermercados data already in system
root - 2020-05-22 14:23:57,564 - INFO - Monterrey farmacias data already in system
root - 2020-05-22 15:28:10,721 - INFO - Starting the script distance.py
root - 2020-05-22 15:28:10,723 - INFO - Starting with Monterrey
root - 2020-05-22 15:28:45,907 - INFO - Monterrey supermercados data already in system
root - 2020-05-22 15:28:46,154 - INFO - Monterrey farmacias data already in system
root - 2020-05-22 15:45:54,305 - INFO - Starting the script distance.py
root - 2020-05-22 15:45:54,306 - INFO - Starting with Monterrey
root - 2020-05-22 15:46:31,626 - INFO - Monterrey supermercados data already in system
root - 2020-05-22 15:46:31,927 - INFO - Monterrey farmacias data already in system
fiona._env - 2020-05-22 15:50:44,056 - ERROR - ../data/processed/nodes_Monterrey.geojson: No such file or directory
fiona._env - 2020-05-22 15:50:44,090 - WARNING - driver GeoJSON does not support creation option ENCODING
root - 2020-05-22 15:50:59,381 - INFO - Monterrey done.
root - 2020-05-22 15:50:59,381 - INFO - Starting with Guadalajara
root - 2020-05-22 15:51:35,830 - INFO - Guadalajara supermercados data already in system
root - 2020-05-22 15:51:36,361 - INFO - Guadalajara farmacias data already in system
fiona._env - 2020-05-22 16:01:58,654 - ERROR - ../data/processed/nodes_Guadalajara.geojson: No such file or directory
fiona._env - 2020-05-22 16:01:58,655 - WARNING - driver GeoJSON does not support creation option ENCODING
root - 2020-05-22 16:02:12,503 - INFO - Guadalajara done.
root - 2020-05-22 16:02:12,504 - INFO - Starting with Mexico
root - 2020-05-22 16:02:48,692 - INFO - Mexico supermercados data already in system
root - 2020-05-22 16:02:49,921 - INFO - Mexico farmacias data already in system
fiona._env - 2020-05-22 16:50:35,642 - ERROR - ../data/processed/nodes_Mexico.geojson: No such file or directory
fiona._env - 2020-05-22 16:50:35,643 - WARNING - driver GeoJSON does not support creation option ENCODING
root - 2020-05-22 16:50:54,415 - INFO - Mexico done.
root - 2020-05-22 16:50:54,415 - INFO - Starting with Puebla
root - 2020-05-22 16:51:26,139 - INFO - Puebla supermercados data already in system
root - 2020-05-22 16:51:26,404 - INFO - Puebla farmacias data already in system
fiona._env - 2020-05-22 16:54:55,993 - ERROR - ../data/processed/nodes_Puebla.geojson: No such file or directory
fiona._env - 2020-05-22 16:54:55,994 - WARNING - driver GeoJSON does not support creation option ENCODING
root - 2020-05-22 16:55:03,374 - INFO - Puebla done.
root - 2020-05-22 16:55:03,374 - INFO - Starting with Toluca
root - 2020-05-22 16:55:27,285 - INFO - Toluca supermercados data already in system
root - 2020-05-22 16:55:27,496 - INFO - Toluca farmacias data already in system
fiona._env - 2020-05-22 16:58:54,770 - ERROR - ../data/processed/nodes_Toluca.geojson: No such file or directory
fiona._env - 2020-05-22 16:58:54,771 - WARNING - driver GeoJSON does not support creation option ENCODING
root - 2020-05-22 16:59:21,708 - INFO - Toluca done.
root - 2020-05-22 17:10:13,127 - INFO - Starting the script hexplots.py
root - 2020-05-22 17:10:13,127 - INFO - Starting with Monterrey
root - 2020-05-22 17:10:13,236 - INFO - area loded
root - 2020-05-22 17:10:25,244 - INFO - hex created
root - 2020-05-22 17:10:30,291 - INFO - nodes loaded
root - 2020-05-22 17:24:28,884 - INFO - Starting the script distance.py
root - 2020-05-22 17:24:28,884 - INFO - Starting with Monterrey
root - 2020-05-22 17:24:57,899 - INFO - Monterrey supermercados data already in system
root - 2020-05-22 17:24:58,128 - INFO - Monterrey farmacias data already in system
fiona._env - 2020-05-22 17:29:19,283 - ERROR - ../data/processed/nodes_Monterrey.geojson: No such file or directory
fiona._env - 2020-05-22 17:29:19,284 - WARNING - driver GeoJSON does not support creation option ENCODING
root - 2020-05-22 17:29:31,740 - INFO - Monterrey done.
root - 2020-05-22 17:29:31,740 - INFO - Starting with Guadalajara
root - 2020-05-22 17:30:09,490 - INFO - Guadalajara supermercados data already in system
root - 2020-05-22 17:30:10,053 - INFO - Guadalajara farmacias data already in system
