root - 2020-05-25 14:12:47,770 - INFO - Starting the script distance.py
root - 2020-05-25 14:12:47,772 - INFO - Starting with Monterrey
root - 2020-05-25 14:13:36,949 - INFO - Monterrey supermercados data already in system
root - 2020-05-25 14:36:52,080 - INFO - Starting the script distance.py
root - 2020-05-25 14:36:52,082 - INFO - Starting with Monterrey
root - 2020-05-25 14:37:23,465 - INFO - Monterrey supermercados data already in system
fiona._env - 2020-05-25 14:56:17,415 - ERROR - ../data/processed/nodes_Monterrey.geojson: No such file or directory
root - 2020-05-25 14:58:00,853 - INFO - Starting the script distance.py
root - 2020-05-25 14:58:00,855 - INFO - Starting with Monterrey
root - 2020-05-25 14:58:50,878 - INFO - Monterrey supermercados data already in system
fiona._env - 2020-05-25 15:28:58,593 - ERROR - ../data/processed/nodes_Monterrey.geojson: No such file or directory
root - 2020-05-25 15:45:09,141 - INFO - Starting the script distance.py
root - 2020-05-25 15:45:09,142 - INFO - Starting with Monterrey
root - 2020-05-25 15:45:40,853 - INFO - Monterrey supermercados data already in system
fiona._env - 2020-05-25 16:14:11,002 - ERROR - ../data/processed/nodes_Monterrey.geojson: No such file or directory
root - 2020-05-25 16:16:04,834 - INFO - Monterrey farmacias data already in system
root - 2020-05-25 16:36:39,402 - INFO - Starting the script distance.py
root - 2020-05-25 16:36:39,403 - INFO - Starting with Monterrey
root - 2020-05-25 16:38:56,473 - INFO - Monterrey supermercados data already in system
root - 2020-05-25 17:06:39,795 - INFO - Starting the script distance.py
root - 2020-05-25 17:06:39,796 - INFO - Starting with Monterrey
root - 2020-05-25 17:07:23,192 - INFO - Monterrey supermercados data already in system
root - 2020-05-25 17:14:36,253 - INFO - Starting the script distance.py
root - 2020-05-25 17:14:36,254 - INFO - Starting with Monterrey
root - 2020-05-25 17:15:16,407 - INFO - Monterrey supermercados data already in system
fiona._env - 2020-05-25 17:37:53,126 - ERROR - ../data/processed/nodes_Monterrey.geojson: No such file or directory
fiona._env - 2020-05-25 17:37:53,129 - WARNING - driver GeoJSON does not support creation option ENCODING
root - 2020-05-25 17:38:16,229 - INFO - Monterrey farmacias data already in system
root - 2020-05-25 17:43:59,026 - INFO - Starting the script distance.py
root - 2020-05-25 17:43:59,027 - INFO - Starting with Monterrey
root - 2020-05-25 17:44:45,910 - INFO - Monterrey supermercados data already in system
fiona._env - 2020-05-25 18:14:40,273 - ERROR - ../data/processed/nodes_Monterrey.geojson: No such file or directory
fiona._env - 2020-05-25 18:14:40,274 - WARNING - driver GeoJSON does not support creation option ENCODING
root - 2020-05-25 18:15:46,960 - INFO - Monterrey farmacias data already in system
root - 2020-05-25 18:25:36,701 - INFO - Starting the script distance.py
root - 2020-05-25 18:25:36,703 - INFO - Starting with Monterrey
root - 2020-05-25 18:28:56,709 - INFO - Starting the script distance.py
root - 2020-05-25 18:28:56,709 - INFO - Starting with Monterrey
root - 2020-05-25 19:19:49,106 - INFO - Starting the script distance.py
root - 2020-05-25 19:19:49,107 - INFO - Starting with Monterrey
root - 2020-05-25 19:20:25,194 - INFO - Monterrey supermercados data already in system
root - 2020-05-25 19:55:55,153 - INFO - Starting the script distance.py
root - 2020-05-25 19:55:55,154 - INFO - Starting with Monterrey
root - 2020-05-25 19:56:24,659 - INFO - Monterrey supermercados data already in system
root - 2020-05-25 20:03:54,057 - INFO - Starting the script hexplots.py
root - 2020-05-25 20:03:54,058 - INFO - Starting with Monterrey
root - 2020-05-25 20:03:54,129 - INFO - area loded
root - 2020-05-25 20:04:03,476 - INFO - hex created
root - 2020-05-25 20:04:09,511 - INFO - nodes loaded
root - 2020-05-25 20:04:30,246 - INFO - nodes grouped by
root - 2020-05-25 20:04:35,084 - INFO - Previous hex bins file found for Monterrey
root - 2020-05-25 20:04:35,189 - INFO - No previous hex bins file for Monterrey
fiona._env - 2020-05-25 20:04:35,535 - ERROR - ../data/processed/Monterrey_hex_bins.geojson: No such file or directory
fiona._env - 2020-05-25 20:04:35,535 - WARNING - driver GeoJSON does not support creation option ENCODING
root - 2020-05-25 20:04:46,646 - INFO - Hex bins from Monterrey saved
root - 2020-05-25 20:05:31,264 - INFO - Graph loaded
root - 2020-05-25 20:05:58,712 - INFO - Starting the plotting
root - 2020-05-25 20:06:18,014 - INFO - Plotting supermercados finished for Monterrey
root - 2020-05-25 20:06:28,410 - INFO - nodes grouped by
root - 2020-05-25 20:06:36,304 - INFO - Previous hex bins file found for Monterrey
root - 2020-05-25 20:06:36,396 - INFO - No previous hex bins file for Monterrey
fiona._env - 2020-05-25 20:06:36,808 - ERROR - ../data/processed/Monterrey_hex_bins.geojson: No such file or directory
fiona._env - 2020-05-25 20:06:36,808 - WARNING - driver GeoJSON does not support creation option ENCODING
root - 2020-05-25 20:06:52,778 - INFO - Hex bins from Monterrey saved
root - 2020-05-25 20:07:49,852 - INFO - Graph loaded
root - 2020-05-25 20:08:21,990 - INFO - Starting the plotting
root - 2020-05-25 20:08:47,695 - INFO - Plotting farmacias finished for Monterrey
root - 2020-05-25 20:08:47,695 - INFO - Plotting done, script finished for Monterrey
root - 2020-05-25 20:08:47,695 - INFO - Starting with Guadalajara
root - 2020-05-25 20:08:47,761 - INFO - area loded
root - 2020-05-25 20:08:52,193 - INFO - hex created
root - 2020-05-25 20:08:58,824 - INFO - nodes loaded
root - 2020-05-25 20:09:20,442 - INFO - nodes grouped by
fiona._env - 2020-05-25 20:09:20,443 - ERROR - ../data/processed/Guadalajara_hex_bins.geojson: No such file or directory
root - 2020-05-25 20:09:20,444 - INFO - No previous hex bins file for Guadalajara
root - 2020-05-25 20:09:24,026 - INFO - Hex bins from Guadalajara saved
root - 2020-05-25 20:10:00,427 - INFO - Graph loaded
root - 2020-05-25 20:10:31,273 - INFO - Starting the plotting
root - 2020-05-25 20:10:45,721 - INFO - Plotting supermercados finished for Guadalajara
root - 2020-05-25 20:19:28,157 - INFO - Starting the script distance.py
root - 2020-05-25 20:19:28,159 - INFO - Starting with Monterrey
root - 2020-05-25 20:19:58,153 - INFO - Monterrey supermercados data already in system
root - 2020-05-25 20:29:23,979 - INFO - Starting the script hexplots.py
root - 2020-05-25 20:29:23,982 - INFO - Starting with Monterrey
root - 2020-05-25 20:29:24,193 - INFO - area loded
root - 2020-05-25 20:29:44,631 - INFO - hex created
root - 2020-05-25 20:29:58,179 - INFO - nodes loaded
root - 2020-05-25 20:30:28,057 - INFO - nodes grouped by
root - 2020-05-25 20:30:32,770 - INFO - Previous hex bins file found for Monterrey
root - 2020-05-25 20:30:32,879 - INFO - No previous hex bins file for Monterrey
fiona._env - 2020-05-25 20:30:33,195 - ERROR - ../data/processed/Monterrey_hex_bins.geojson: No such file or directory
fiona._env - 2020-05-25 20:30:33,196 - WARNING - driver GeoJSON does not support creation option ENCODING
root - 2020-05-25 20:30:43,369 - INFO - Hex bins from Monterrey saved
root - 2020-05-25 20:51:28,946 - INFO - Starting the script distance.py
root - 2020-05-25 20:51:28,947 - INFO - Starting with Monterrey
root - 2020-05-25 20:51:58,899 - INFO - Monterrey supermercados data already in system
fiona._env - 2020-05-25 21:05:30,208 - ERROR - ../data/processed/nodes_Monterrey.geojson: No such file or directory
fiona._env - 2020-05-25 21:05:30,209 - WARNING - driver GeoJSON does not support creation option ENCODING
root - 2020-05-25 21:05:44,713 - INFO - Monterrey farmacias data already in system
fiona._env - 2020-05-25 21:09:03,162 - ERROR - ../data/processed/nodes_Monterrey.geojson: No such file or directory
fiona._env - 2020-05-25 21:09:03,163 - WARNING - driver GeoJSON does not support creation option ENCODING
root - 2020-05-25 21:09:17,890 - INFO - Monterrey done.
root - 2020-05-25 21:09:17,890 - INFO - Starting with Guadalajara
root - 2020-05-25 21:09:52,039 - INFO - Guadalajara supermercados data already in system
fiona._env - 2020-05-25 21:16:39,745 - ERROR - ../data/processed/nodes_Guadalajara.geojson: No such file or directory
fiona._env - 2020-05-25 21:16:39,752 - WARNING - driver GeoJSON does not support creation option ENCODING
root - 2020-05-25 21:16:52,123 - INFO - Guadalajara farmacias data already in system
fiona._env - 2020-05-25 21:25:48,888 - ERROR - ../data/processed/nodes_Guadalajara.geojson: No such file or directory
fiona._env - 2020-05-25 21:25:48,890 - WARNING - driver GeoJSON does not support creation option ENCODING
root - 2020-05-25 21:26:02,088 - INFO - Guadalajara done.
root - 2020-05-25 21:26:02,088 - INFO - Starting with Mexico
root - 2020-05-25 21:26:36,792 - INFO - Mexico supermercados data already in system
fiona._env - 2020-05-25 21:42:53,704 - ERROR - ../data/processed/nodes_Mexico.geojson: No such file or directory
root - 2020-05-25 21:43:15,620 - INFO - Mexico farmacias data already in system
fiona._env - 2020-05-25 22:42:18,389 - ERROR - ../data/processed/nodes_Mexico.geojson: No such file or directory
fiona._env - 2020-05-25 22:42:18,393 - WARNING - driver GeoJSON does not support creation option ENCODING
root - 2020-05-25 22:42:30,555 - INFO - Mexico done.
root - 2020-05-25 22:42:30,555 - INFO - Starting with Puebla
root - 2020-05-25 22:42:52,269 - INFO - Puebla supermercados data already in system
fiona._env - 2020-05-25 22:44:17,835 - ERROR - ../data/processed/nodes_Puebla.geojson: No such file or directory
root - 2020-05-25 22:44:29,913 - INFO - Puebla farmacias data already in system
fiona._env - 2020-05-25 22:46:19,813 - ERROR - ../data/processed/nodes_Puebla.geojson: No such file or directory
fiona._env - 2020-05-25 22:46:19,813 - WARNING - driver GeoJSON does not support creation option ENCODING
root - 2020-05-25 22:46:26,762 - INFO - Puebla done.
root - 2020-05-25 22:46:26,763 - INFO - Starting with Toluca
root - 2020-05-25 22:46:44,994 - INFO - Toluca supermercados data already in system
fiona._env - 2020-05-25 22:47:58,630 - ERROR - ../data/processed/nodes_Toluca.geojson: No such file or directory
root - 2020-05-25 22:48:08,021 - INFO - Toluca farmacias data already in system
fiona._env - 2020-05-25 22:49:39,842 - ERROR - ../data/processed/nodes_Toluca.geojson: No such file or directory
fiona._env - 2020-05-25 22:49:39,842 - WARNING - driver GeoJSON does not support creation option ENCODING
root - 2020-05-25 22:49:46,285 - INFO - Toluca done.
root - 2020-05-25 22:49:46,285 - INFO - Starting with Tijuana
numexpr.utils - 2020-05-25 22:50:02,074 - INFO - NumExpr defaulting to 4 threads.
shapely.geos - 2020-05-25 22:50:14,212 - ERROR - TopologyException: Input geom 0 is invalid: Self-intersection at or near point -116.965696047511 32.552244488019369 at -116.965696047511 32.552244488019369
shapely.geos - 2020-05-25 22:50:14,214 - INFO - Self-intersection at or near point -116.965696047511 32.552244488019369
root - 2020-05-25 22:50:25,918 - INFO - Starting the script hexplots.py
root - 2020-05-25 22:50:25,919 - INFO - Starting with Monterrey
root - 2020-05-25 22:50:25,990 - INFO - area loded
root - 2020-05-25 22:50:33,728 - INFO - hex created
root - 2020-05-25 22:50:39,317 - INFO - nodes loaded
