root - 2020-07-06 15:10:17,528 - INFO - starting with Guadalajara
fiona._env - 2020-07-06 15:10:17,834 - ERROR - ../data/raw/Guadalajara_area.geojson: No such file or directory
fiona._env - 2020-07-06 15:10:17,841 - WARNING - driver GeoJSON does not support creation option ENCODING
root - 2020-07-06 15:10:17,887 - INFO - Area Metropolitana loaded
numexpr.utils - 2020-07-06 15:12:18,404 - INFO - NumExpr defaulting to 4 threads.
root - 2020-07-06 15:16:40,045 - ERROR - Problems with Guadalajara
root - 2020-07-06 15:16:43,073 - INFO - starting with Monterrey
fiona._env - 2020-07-06 15:16:43,264 - ERROR - ../data/raw/Monterrey_area.geojson: No such file or directory
fiona._env - 2020-07-06 15:16:43,265 - WARNING - driver GeoJSON does not support creation option ENCODING
root - 2020-07-06 15:16:43,329 - INFO - Area Metropolitana loaded
root - 2020-07-06 15:17:26,792 - INFO - Done with Monterrey
root - 2020-07-06 15:17:26,795 - INFO - starting with Mexico
fiona._env - 2020-07-06 15:17:27,105 - ERROR - ../data/raw/Mexico_area.geojson: No such file or directory
fiona._env - 2020-07-06 15:17:27,105 - WARNING - driver GeoJSON does not support creation option ENCODING
root - 2020-07-06 15:17:27,143 - INFO - Area Metropolitana loaded
root - 2020-07-06 15:18:18,058 - INFO - Done with Mexico
root - 2020-07-06 15:18:18,059 - INFO - starting with Puebla
fiona._env - 2020-07-06 15:18:18,443 - ERROR - ../data/raw/Puebla_area.geojson: No such file or directory
fiona._env - 2020-07-06 15:18:18,443 - WARNING - driver GeoJSON does not support creation option ENCODING
root - 2020-07-06 15:18:18,584 - INFO - Area Metropolitana loaded
root - 2020-07-06 15:18:43,927 - INFO - Done with Puebla
root - 2020-07-06 15:18:43,927 - INFO - starting with Toluca
fiona._env - 2020-07-06 15:18:44,114 - ERROR - ../data/raw/Toluca_area.geojson: No such file or directory
fiona._env - 2020-07-06 15:18:44,115 - WARNING - driver GeoJSON does not support creation option ENCODING
root - 2020-07-06 15:18:44,157 - INFO - Area Metropolitana loaded
root - 2020-07-06 15:19:02,718 - INFO - Done with Toluca
root - 2020-07-06 15:19:02,718 - INFO - starting with Tijuana
fiona._env - 2020-07-06 15:19:02,772 - ERROR - ../data/raw/Tijuana_area.geojson: No such file or directory
fiona._env - 2020-07-06 15:19:02,772 - WARNING - driver GeoJSON does not support creation option ENCODING
root - 2020-07-06 15:19:02,835 - INFO - Area Metropolitana loaded
shapely.geos - 2020-07-06 15:19:34,434 - ERROR - TopologyException: Input geom 0 is invalid: Self-intersection at or near point -116.965696047511 32.552244488019369 at -116.965696047511 32.552244488019369
shapely.geos - 2020-07-06 15:19:34,437 - INFO - Self-intersection at or near point -116.965696047511 32.552244488019369
root - 2020-07-06 15:19:34,437 - ERROR - Problems with Tijuana
root - 2020-07-06 15:19:36,146 - INFO - starting with Leon
root - 2020-07-06 15:19:36,166 - ERROR - Problems with Leon
root - 2020-07-06 15:19:36,166 - INFO - starting with Juarez
fiona._env - 2020-07-06 15:19:36,187 - ERROR - ../data/raw/Juarez_area.geojson: No such file or directory
fiona._env - 2020-07-06 15:19:36,187 - WARNING - driver GeoJSON does not support creation option ENCODING
root - 2020-07-06 15:19:36,197 - INFO - Area Metropolitana loaded
root - 2020-07-06 15:19:36,331 - INFO - Done with Juarez
root - 2020-07-06 15:19:36,331 - INFO - starting with Laguna
fiona._env - 2020-07-06 15:19:36,477 - ERROR - ../data/raw/Laguna_area.geojson: No such file or directory
fiona._env - 2020-07-06 15:19:36,477 - WARNING - driver GeoJSON does not support creation option ENCODING
root - 2020-07-06 15:19:36,622 - INFO - Area Metropolitana loaded
root - 2020-07-06 15:19:49,249 - INFO - Done with Laguna
root - 2020-07-06 15:19:49,249 - INFO - starting with Querétaro
fiona._env - 2020-07-06 15:19:49,330 - ERROR - ../data/raw/Querétaro_area.geojson: No such file or directory
fiona._env - 2020-07-06 15:19:49,330 - WARNING - driver GeoJSON does not support creation option ENCODING
root - 2020-07-06 15:19:49,358 - INFO - Area Metropolitana loaded
root - 2020-07-06 15:20:11,750 - INFO - Done with Querétaro
root - 2020-07-06 15:20:11,750 - INFO - starting with SLP
fiona._env - 2020-07-06 15:20:11,813 - ERROR - ../data/raw/SLP_area.geojson: No such file or directory
fiona._env - 2020-07-06 15:20:11,813 - WARNING - driver GeoJSON does not support creation option ENCODING
root - 2020-07-06 15:20:11,832 - INFO - Area Metropolitana loaded
root - 2020-07-06 15:20:20,283 - INFO - Done with SLP
root - 2020-07-06 15:20:20,283 - INFO - starting with Merida
fiona._env - 2020-07-06 15:20:20,340 - ERROR - ../data/raw/Merida_area.geojson: No such file or directory
fiona._env - 2020-07-06 15:20:20,340 - WARNING - driver GeoJSON does not support creation option ENCODING
root - 2020-07-06 15:20:20,360 - INFO - Area Metropolitana loaded
root - 2020-07-06 15:20:33,831 - INFO - Done with Merida
root - 2020-07-06 15:20:33,831 - INFO - starting with Aguascalientes
fiona._env - 2020-07-06 15:20:33,902 - ERROR - ../data/raw/Aguascalientes_area.geojson: No such file or directory
fiona._env - 2020-07-06 15:20:33,902 - WARNING - driver GeoJSON does not support creation option ENCODING
root - 2020-07-06 15:20:33,925 - INFO - Area Metropolitana loaded
root - 2020-07-06 15:20:43,438 - INFO - Done with Aguascalientes
root - 2020-07-06 15:20:43,438 - INFO - starting with Mexicali
fiona._env - 2020-07-06 15:20:43,478 - ERROR - ../data/raw/Mexicali_area.geojson: No such file or directory
fiona._env - 2020-07-06 15:20:43,479 - WARNING - driver GeoJSON does not support creation option ENCODING
root - 2020-07-06 15:20:43,586 - INFO - Area Metropolitana loaded
root - 2020-07-06 15:20:59,714 - INFO - Done with Mexicali
root - 2020-07-06 15:20:59,714 - INFO - starting with Cuernavaca
fiona._env - 2020-07-06 15:20:59,845 - ERROR - ../data/raw/Cuernavaca_area.geojson: No such file or directory
fiona._env - 2020-07-06 15:20:59,846 - WARNING - driver GeoJSON does not support creation option ENCODING
root - 2020-07-06 15:20:59,866 - INFO - Area Metropolitana loaded
root - 2020-07-06 15:21:08,243 - INFO - Done with Cuernavaca
root - 2020-07-06 15:21:08,243 - INFO - starting with Saltillo
fiona._env - 2020-07-06 15:21:08,269 - ERROR - ../data/raw/Saltillo_area.geojson: No such file or directory
fiona._env - 2020-07-06 15:21:08,270 - WARNING - driver GeoJSON does not support creation option ENCODING
root - 2020-07-06 15:21:08,286 - INFO - Area Metropolitana loaded
root - 2020-07-06 15:21:18,009 - INFO - Done with Saltillo
