root - 2020-05-21 09:07:14,511 - INFO - Starting the script distance.py
root - 2020-05-21 09:10:17,222 - INFO - Starting with Monterrey
root - 2020-05-21 09:11:10,224 - INFO - Monterrey data already in system
root - 2020-05-21 09:11:16,340 - INFO - Monterrey done.
root - 2020-05-21 09:11:16,340 - INFO - Starting with Guadalajara
root - 2020-05-21 09:12:10,812 - INFO - Guadalajara data already in system
root - 2020-05-21 09:12:17,271 - INFO - Guadalajara done.
root - 2020-05-21 09:12:17,272 - INFO - Starting with Mexico
root - 2020-05-21 09:13:51,919 - INFO - Mexico data already in system
fiona._env - 2020-05-21 09:13:51,920 - ERROR - ../data/processed/nodes_Mexico.geojson: No such file or directory
root - 2020-05-21 10:00:27,964 - INFO - Mexico done.
root - 2020-05-21 10:00:27,964 - INFO - Starting with Puebla
fiona._env - 2020-05-21 10:01:03,762 - ERROR - ../data/processed/farmacias_Puebla.geojson: No such file or directory
root - 2020-05-21 10:01:03,763 - INFO - Puebla data not in system, starting to look for nearest nodes
numexpr.utils - 2020-05-21 10:01:03,914 - INFO - NumExpr defaulting to 4 threads.
root - 2020-05-21 10:05:40,713 - INFO - Puebla farmacias data saved
fiona._env - 2020-05-21 10:05:40,714 - ERROR - ../data/processed/nodes_Puebla.geojson: No such file or directory
root - 2020-05-21 10:08:16,207 - INFO - Puebla done.
root - 2020-05-21 10:08:16,208 - INFO - Starting with Toluca
fiona._env - 2020-05-21 10:08:45,204 - ERROR - ../data/processed/farmacias_Toluca.geojson: No such file or directory
root - 2020-05-21 10:08:45,204 - INFO - Toluca data not in system, starting to look for nearest nodes
root - 2020-05-21 10:13:45,216 - INFO - Toluca farmacias data saved
fiona._env - 2020-05-21 10:13:45,217 - ERROR - ../data/processed/nodes_Toluca.geojson: No such file or directory
root - 2020-05-21 10:16:02,727 - INFO - Toluca done.
root - 2020-05-21 10:19:25,775 - INFO - Starting the script hexplots.py
root - 2020-05-21 10:19:25,777 - INFO - Starting with Monterrey
root - 2020-05-21 10:19:25,874 - INFO - area loded
root - 2020-05-21 10:19:34,677 - INFO - hex created
root - 2020-05-21 10:19:39,401 - INFO - nodes loaded
root - 2020-05-21 10:19:58,006 - INFO - nodes grouped by
fiona._env - 2020-05-21 10:19:58,349 - ERROR - ../data/processed/Monterrey_hex_bins.geojson: No such file or directory
fiona._env - 2020-05-21 10:19:58,354 - WARNING - driver GeoJSON does not support creation option ENCODING
root - 2020-05-21 10:20:07,592 - INFO - Hex bins from Monterrey saved
root - 2020-05-21 10:20:39,324 - INFO - Graph loaded
root - 2020-05-21 10:21:04,953 - INFO - Starting the plotting
root - 2020-05-21 10:21:30,043 - INFO - Plotting done, script finished for Monterrey
root - 2020-05-21 10:21:30,044 - INFO - Starting with Guadalajara
root - 2020-05-21 10:21:30,124 - INFO - area loded
root - 2020-05-21 10:21:33,193 - INFO - hex created
root - 2020-05-21 10:21:41,227 - INFO - nodes loaded
root - 2020-05-21 10:22:01,046 - INFO - nodes grouped by
fiona._env - 2020-05-21 10:22:01,258 - ERROR - ../data/processed/Guadalajara_hex_bins.geojson: No such file or directory
fiona._env - 2020-05-21 10:22:01,258 - WARNING - driver GeoJSON does not support creation option ENCODING
root - 2020-05-21 10:22:07,202 - INFO - Hex bins from Guadalajara saved
root - 2020-05-21 10:22:52,590 - INFO - Graph loaded
root - 2020-05-21 10:23:31,448 - INFO - Starting the plotting
root - 2020-05-21 10:23:38,197 - INFO - Plotting done, script finished for Guadalajara
root - 2020-05-21 10:23:38,197 - INFO - Starting with Mexico
root - 2020-05-21 10:23:38,259 - INFO - area loded
root - 2020-05-21 10:23:39,729 - INFO - hex created
root - 2020-05-21 10:23:46,909 - INFO - nodes loaded
root - 2020-05-21 10:24:01,527 - INFO - nodes grouped by
root - 2020-05-21 10:24:03,643 - INFO - Hex bins from Mexico saved
root - 2020-05-21 10:24:55,911 - INFO - Graph loaded
root - 2020-05-21 10:25:40,772 - INFO - Starting the plotting
root - 2020-05-21 10:25:48,650 - INFO - Plotting done, script finished for Mexico
root - 2020-05-21 10:25:48,650 - INFO - Starting with Puebla
root - 2020-05-21 10:25:48,739 - INFO - area loded
root - 2020-05-21 10:25:50,666 - INFO - hex created
root - 2020-05-21 10:25:53,731 - INFO - nodes loaded
root - 2020-05-21 10:26:04,039 - INFO - nodes grouped by
root - 2020-05-21 10:26:07,080 - INFO - Hex bins from Puebla saved
root - 2020-05-21 10:26:38,539 - INFO - Graph loaded
root - 2020-05-21 10:27:05,264 - INFO - Starting the plotting
root - 2020-05-21 10:27:14,133 - INFO - Plotting done, script finished for Puebla
root - 2020-05-21 10:27:14,133 - INFO - Starting with Toluca
root - 2020-05-21 10:27:14,224 - INFO - area loded
root - 2020-05-21 10:27:18,891 - INFO - hex created
root - 2020-05-21 10:27:25,519 - INFO - nodes loaded
root - 2020-05-21 10:27:43,999 - INFO - nodes grouped by
root - 2020-05-21 10:27:47,781 - INFO - Hex bins from Toluca saved
root - 2020-05-21 10:28:20,611 - INFO - Graph loaded
root - 2020-05-21 10:28:35,923 - INFO - Starting the plotting
root - 2020-05-21 10:28:42,028 - INFO - Plotting done, script finished for Toluca
root - 2020-05-21 17:06:39,714 - INFO - Starting the script distance.py
root - 2020-05-21 17:07:49,547 - INFO - Starting with Monterrey
root - 2020-05-21 17:08:41,373 - INFO - Monterrey data already in system
fiona._env - 2020-05-21 17:13:00,830 - ERROR - ../data/processed/nodes_Monterrey.geojson: No such file or directory
fiona._env - 2020-05-21 17:13:00,982 - WARNING - driver GeoJSON does not support creation option ENCODING
root - 2020-05-21 17:13:16,082 - INFO - Monterrey done.
root - 2020-05-21 17:13:16,083 - INFO - Starting with Guadalajara
root - 2020-05-21 17:14:18,884 - INFO - Guadalajara data already in system
fiona._env - 2020-05-21 17:32:08,591 - ERROR - ../data/processed/nodes_Guadalajara.geojson: No such file or directory
fiona._env - 2020-05-21 17:32:08,592 - WARNING - driver GeoJSON does not support creation option ENCODING
root - 2020-05-21 17:32:23,143 - INFO - Guadalajara done.
root - 2020-05-21 17:32:23,144 - INFO - Starting with Mexico
root - 2020-05-21 17:33:59,218 - INFO - Mexico data already in system
fiona._env - 2020-05-21 18:44:09,257 - ERROR - ../data/processed/nodes_Mexico.geojson: No such file or directory
fiona._env - 2020-05-21 18:44:09,259 - WARNING - driver GeoJSON does not support creation option ENCODING
root - 2020-05-21 18:44:19,970 - INFO - Mexico done.
root - 2020-05-21 18:44:19,971 - INFO - Starting with Puebla
root - 2020-05-21 18:44:53,005 - INFO - Puebla data already in system
fiona._env - 2020-05-21 18:46:44,969 - ERROR - ../data/processed/nodes_Puebla.geojson: No such file or directory
fiona._env - 2020-05-21 18:46:44,970 - WARNING - driver GeoJSON does not support creation option ENCODING
root - 2020-05-21 18:46:50,412 - INFO - Puebla done.
root - 2020-05-21 18:46:50,412 - INFO - Starting with Toluca
root - 2020-05-21 18:47:12,694 - INFO - Toluca data already in system
fiona._env - 2020-05-21 18:48:52,300 - ERROR - ../data/processed/nodes_Toluca.geojson: No such file or directory
fiona._env - 2020-05-21 18:48:52,301 - WARNING - driver GeoJSON does not support creation option ENCODING
root - 2020-05-21 18:48:58,044 - INFO - Toluca done.
root - 2020-05-21 19:55:13,922 - INFO - Starting the script distance.py
root - 2020-05-21 19:56:26,077 - INFO - Starting with Monterrey
fiona._env - 2020-05-21 19:57:07,087 - ERROR - ../data/processed/supermercados_Monterrey.geojson: No such file or directory
root - 2020-05-21 19:57:07,088 - INFO - Monterrey supermercados data not in system, starting to look for nearest nodes
numexpr.utils - 2020-05-21 19:57:07,340 - INFO - NumExpr defaulting to 4 threads.
root - 2020-05-21 20:19:50,942 - INFO - Monterrey supermercados data saved
root - 2020-05-21 20:24:11,612 - INFO - Starting the script distance.py
root - 2020-05-21 20:25:14,610 - INFO - Starting with Monterrey
root - 2020-05-21 20:25:56,709 - INFO - Monterrey supermercados data already in system
fiona._env - 2020-05-21 20:40:11,846 - ERROR - ../data/processed/nodes_Monterrey.geojson: No such file or directory
fiona._env - 2020-05-21 20:40:11,848 - WARNING - driver GeoJSON does not support creation option ENCODING
root - 2020-05-21 20:40:24,680 - INFO - Monterrey done.
root - 2020-05-21 20:40:24,680 - INFO - Starting with Guadalajara
fiona._env - 2020-05-21 20:41:11,899 - ERROR - ../data/processed/supermercados_Guadalajara.geojson: No such file or directory
root - 2020-05-21 20:41:11,900 - INFO - Guadalajara supermercados data not in system, starting to look for nearest nodes
numexpr.utils - 2020-05-21 20:41:12,120 - INFO - NumExpr defaulting to 4 threads.
root - 2020-05-21 20:54:52,646 - INFO - Guadalajara supermercados data saved
fiona._env - 2020-05-21 21:01:26,938 - ERROR - ../data/processed/nodes_Guadalajara.geojson: No such file or directory
fiona._env - 2020-05-21 21:01:26,951 - WARNING - driver GeoJSON does not support creation option ENCODING
root - 2020-05-21 21:01:37,586 - INFO - Guadalajara done.
root - 2020-05-21 21:01:37,586 - INFO - Starting with Mexico
fiona._env - 2020-05-21 21:02:24,437 - ERROR - ../data/processed/supermercados_Mexico.geojson: No such file or directory
root - 2020-05-21 21:02:24,437 - INFO - Mexico supermercados data not in system, starting to look for nearest nodes
root - 2020-05-21 21:25:32,900 - INFO - Mexico supermercados data saved
fiona._env - 2020-05-21 21:40:50,890 - ERROR - ../data/processed/nodes_Mexico.geojson: No such file or directory
fiona._env - 2020-05-21 21:40:50,892 - WARNING - driver GeoJSON does not support creation option ENCODING
root - 2020-05-21 21:41:02,246 - INFO - Mexico done.
root - 2020-05-21 21:41:02,246 - INFO - Starting with Puebla
fiona._env - 2020-05-21 21:41:35,344 - ERROR - ../data/processed/supermercados_Puebla.geojson: No such file or directory
root - 2020-05-21 21:41:35,344 - INFO - Puebla supermercados data not in system, starting to look for nearest nodes
root - 2020-05-21 21:45:04,468 - INFO - Puebla supermercados data saved
fiona._env - 2020-05-21 21:46:43,697 - ERROR - ../data/processed/nodes_Puebla.geojson: No such file or directory
fiona._env - 2020-05-21 21:46:43,698 - WARNING - driver GeoJSON does not support creation option ENCODING
root - 2020-05-21 21:46:49,356 - INFO - Puebla done.
root - 2020-05-21 21:46:49,357 - INFO - Starting with Toluca
fiona._env - 2020-05-21 21:47:12,172 - ERROR - ../data/processed/supermercados_Toluca.geojson: No such file or directory
root - 2020-05-21 21:47:12,172 - INFO - Toluca supermercados data not in system, starting to look for nearest nodes
root - 2020-05-21 21:50:16,722 - INFO - Toluca supermercados data saved
fiona._env - 2020-05-21 21:51:41,148 - ERROR - ../data/processed/nodes_Toluca.geojson: No such file or directory
fiona._env - 2020-05-21 21:51:41,149 - WARNING - driver GeoJSON does not support creation option ENCODING
root - 2020-05-21 21:51:46,898 - INFO - Toluca done.
